<?xml version="1.0" encoding="UTF-8"?>
<!-- Generated by org.testng.reporters.JUnitReportReporter -->
<testsuite hostname="LAPTOP-0T6D4QF1" failures="0" tests="1" name="tests.Factorial_calculation" time="7.204" errors="0" timestamp="2021-08-04T18:05:52 WAT" skipped="0">
  <testcase classname="tests.Factorial_calculation" name="verify_factorial" time="7.204"/>
  <system-out/>
</testsuite> <!-- tests.Factorial_calculation -->
